<?xml version="1.0" encoding="UTF-8"?>
<testsuite xmlns:xsi="http://www.w3.org/2001/XMLSchema-instance" xsi:noNamespaceSchemaLocation="https://maven.apache.org/surefire/maven-surefire-plugin/xsd/surefire-test-report-3.0.xsd" version="3.0" name="org.demo.projetfulstack.ProjetFulStackApplicationTests" time="9.4" tests="1" errors="0" skipped="0" failures="0">
  <properties>
[...]
</properties>
  <testcase name="contextLoads" classname="org.demo.projetfulstack.ProjetFulStackApplicationTests" time="0.933">
    <system-out><![CDATA[10:02:11.901 [main] INFO org.springframework.test.context.support.AnnotationConfigContextLoaderUtils -- Could not detect default configuration classes for test class [org.demo.projetfulstack.ProjetFulStackApplicationTests]: ProjetFulStackApplicationTests does not declare any static, non-private, non-final, nested classes annotated with @Configuration.
10:02:12.033 [main] INFO org.springframework.boot.test.context.SpringBootTestContextBootstrapper -- Found @SpringBootConfiguration org.demo.projetfulstack.ProjetFulStackApplication for test class org.demo.projetfulstack.ProjetFulStackApplicationTests
10:02:12.342 [main] INFO org.springframework.boot.devtools.restart.RestartApplicationListener -- Restart disabled due to context in which it is running

  .   ____          _            __ _ _
 /\\ / ___'_ __ _ _(_)_ __  __ _ \ \ \ \
( ( )\___ | '_ | '_| | '_ \/ _` | \ \ \ \
 \\/  ___)| |_)| | | | | || (_| |  ) ) ) )
  '  |____| .__|_| |_|_| |_\__, | / / / /
 =========|_|==============|___/=/_/_/_/

 :: Spring Boot ::                (v3.3.4)

2024-10-23T10:02:12.678+01:00  INFO 18184 --- [ProjetFulStack] [           main] o.d.p.ProjetFulStackApplicationTests     : Starting ProjetFulStackApplicationTests using Java 20.0.2.1 with PID 18184 (started by pp in C:\Users\pp\Desktop\Car_project)
2024-10-23T10:02:12.680+01:00  INFO 18184 --- [ProjetFulStack] [           main] o.d.p.ProjetFulStackApplicationTests     : No active profile set, falling back to 1 default profile: "default"
2024-10-23T10:02:14.061+01:00  INFO 18184 --- [ProjetFulStack] [           main] .s.d.r.c.RepositoryConfigurationDelegate : Bootstrapping Spring Data JPA repositories in DEFAULT mode.
2024-10-23T10:02:14.211+01:00  INFO 18184 --- [ProjetFulStack] [           main] .s.d.r.c.RepositoryConfigurationDelegate : Finished Spring Data repository scanning in 131 ms. Found 2 JPA repository interfaces.
2024-10-23T10:02:15.161+01:00  INFO 18184 --- [ProjetFulStack] [           main] o.hibernate.jpa.internal.util.LogHelper  : HHH000204: Processing PersistenceUnitInfo [name: default]
2024-10-23T10:02:15.296+01:00  INFO 18184 --- [ProjetFulStack] [           main] org.hibernate.Version                    : HHH000412: Hibernate ORM core version 6.5.3.Final
2024-10-23T10:02:15.359+01:00  INFO 18184 --- [ProjetFulStack] [           main] o.h.c.internal.RegionFactoryInitiator    : HHH000026: Second-level cache disabled
2024-10-23T10:02:15.979+01:00  INFO 18184 --- [ProjetFulStack] [           main] o.s.o.j.p.SpringPersistenceUnitInfo      : No LoadTimeWeaver setup: ignoring JPA class transformer
2024-10-23T10:02:16.042+01:00  INFO 18184 --- [ProjetFulStack] [           main] com.zaxxer.hikari.HikariDataSource       : HikariPool-1 - Starting...
2024-10-23T10:02:16.292+01:00  INFO 18184 --- [ProjetFulStack] [           main] com.zaxxer.hikari.pool.HikariPool        : HikariPool-1 - Added connection com.mysql.cj.jdbc.ConnectionImpl@362a6aa5
2024-10-23T10:02:16.294+01:00  INFO 18184 --- [ProjetFulStack] [           main] com.zaxxer.hikari.HikariDataSource       : HikariPool-1 - Start completed.
2024-10-23T10:02:16.352+01:00  WARN 18184 --- [ProjetFulStack] [           main] org.hibernate.orm.deprecation            : HHH90000025: MySQL8Dialect does not need to be specified explicitly using 'hibernate.dialect' (remove the property setting and it will be selected by default)
2024-10-23T10:02:16.354+01:00  WARN 18184 --- [ProjetFulStack] [           main] org.hibernate.orm.deprecation            : HHH90000026: MySQL8Dialect has been deprecated; use org.hibernate.dialect.MySQLDialect instead
2024-10-23T10:02:17.653+01:00  INFO 18184 --- [ProjetFulStack] [           main] o.h.e.t.j.p.i.JtaPlatformInitiator       : HHH000489: No JTA platform available (set 'hibernate.transaction.jta.platform' to enable JTA platform integration)
2024-10-23T10:02:17.738+01:00  INFO 18184 --- [ProjetFulStack] [           main] j.LocalContainerEntityManagerFactoryBean : Initialized JPA EntityManagerFactory for persistence unit 'default'
2024-10-23T10:02:18.707+01:00  WARN 18184 --- [ProjetFulStack] [           main] JpaBaseConfiguration$JpaWebConfiguration : spring.jpa.open-in-view is enabled by default. Therefore, database queries may be performed during view rendering. Explicitly configure spring.jpa.open-in-view to disable this warning
2024-10-23T10:02:20.027+01:00  INFO 18184 --- [ProjetFulStack] [           main] o.d.p.ProjetFulStackApplicationTests     : Started ProjetFulStackApplicationTests in 7.708 seconds (process running for 9.652)
]]></system-out>
  </testcase>
</testsuite>